#
# There is insufficient memory for the Java Runtime Environment to continue.
# Native memory allocation (malloc) failed to allocate 159216 bytes for Chunk::new
# Possible reasons:
#   The system is out of physical RAM or swap space
#   In 32 bit mode, the process size limit was hit
# Possible solutions:
#   Reduce memory load on the system
#   Increase physical memory or swap space
#   Check if swap backing store is full
#   Use 64 bit Java on a 64 bit OS
#   Decrease Java heap size (-Xmx/-Xms)
#   Decrease number of Java threads
#   Decrease Java thread stack sizes (-Xss)
#   Set larger code cache with -XX:ReservedCodeCacheSize=
# This output file may be truncated or incomplete.
#
#  Out of Memory Error (allocation.cpp:390), pid=18876, tid=0x0000000000003e44
#
# JRE version: OpenJDK Runtime Environment (8.0) (build 1.8.0-adoptopenjdk-_2018_05_19_00_59-b00)
# Java VM: OpenJDK 64-Bit Server VM (25.71-b00 mixed mode windows-amd64 compressed oops)
# Failed to write core dump. Minidumps are not enabled by default on client versions of Windows
#

---------------  T H R E A D  ---------------

Current thread (0x0000000017be6800):  JavaThread "C2 CompilerThread1" daemon [_thread_in_native, id=15940, stack(0x0000000019370000,0x0000000019470000)]

Stack: [0x0000000019370000,0x0000000019470000]
[error occurred during error reporting (printing stack bounds), id 0xc0000005]

Native frames: (J=compiled Java code, j=interpreted, Vv=VM code, C=native code)


Current CompileTask:
C2:   1848 1149 %     4       java.io.WinNTFileSystem::normalize @ 61 (231 bytes)


---------------  P R O C E S S  ---------------

Java Threads: ( => current thread )
  0x0000000017c3e000 JavaThread "Service Thread" daemon [_thread_blocked, id=27860, stack(0x0000000019970000,0x0000000019a70000)]
  0x0000000019478800 JavaThread "C1 CompilerThread2" daemon [_thread_blocked, id=16868, stack(0x0000000019870000,0x0000000019970000)]
=>0x0000000017be6800 JavaThread "C2 CompilerThread1" daemon [_thread_in_native, id=15940, stack(0x0000000019370000,0x0000000019470000)]
  0x0000000017be3000 JavaThread "C2 CompilerThread0" daemon [_thread_in_native, id=5184, stack(0x0000000019270000,0x0000000019370000)]
  0x0000000017be2000 JavaThread "Attach Listener" daemon [_thread_blocked, id=16188, stack(0x0000000019170000,0x0000000019270000)]
  0x0000000017be0800 JavaThread "Signal Dispatcher" daemon [_thread_blocked, id=12376, stack(0x0000000019070000,0x0000000019170000)]
  0x0000000017bc8000 JavaThread "Finalizer" daemon [_thread_blocked, id=3168, stack(0x0000000018e40000,0x0000000018f40000)]
  0x0000000003085800 JavaThread "Reference Handler" daemon [_thread_blocked, id=18328, stack(0x0000000018d40000,0x0000000018e40000)]
  0x0000000002f94000 JavaThread "main" [_thread_in_Java, id=26440, stack(0x0000000002e90000,0x0000000002f90000)]

Other Threads:
  0x0000000017ba6800 VMThread [stack: 0x0000000018c40000,0x0000000018d40000] [id=21444]
  0x000000001949a000 WatcherThread [stack: 0x0000000019a70000,0x0000000019b70000] [id=5744]

VM state:not at safepoint (normal execution)

VM Mutex/Monitor currently owned by a thread: None

Heap:
 PSYoungGen      total 38400K, used 24837K [0x00000000d5d80000, 0x00000000d8800000, 0x0000000100000000)
  eden space 33280K, 74% used [0x00000000d5d80000,0x00000000d75c14f8,0x00000000d7e00000)
  from space 5120K, 0% used [0x00000000d8300000,0x00000000d8300000,0x00000000d8800000)
  to   space 5120K, 0% used [0x00000000d7e00000,0x00000000d7e00000,0x00000000d8300000)
 ParOldGen       total 87552K, used 0K [0x0000000081800000, 0x0000000086d80000, 0x00000000d5d80000)
  object space 87552K, 0% used [0x0000000081800000,0x0000000081800000,0x0000000086d80000)
 Metaspace       used 12455K, capacity 12762K, committed 12928K, reserved 1060864K
  class space    used 1497K, capacity 1595K, committed 1664K, reserved 1048576K

Card table byte_map: [0x0000000012450000,0x0000000012850000] byte_map_base: 0x0000000012044000

Marking Bits: (ParMarkBitMap*) 0x000000007615be50
 Begin Bits: [0x0000000012f00000, 0x0000000014ea0000)
 End Bits:   [0x0000000014ea0000, 0x0000000016e40000)

Polling page: 0x0000000001240000

CodeCache: size=245760Kb used=4014Kb max_used=4014Kb free=241745Kb
 bounds [0x0000000003090000, 0x0000000003480000, 0x0000000012090000]
 total_blobs=1520 nmethods=1162 adapters=271
 compilation: enabled

Compilation events (10 events):
Event: 1.843 Thread 0x0000000019478800 nmethod 1155 0x0000000003478090 code [0x0000000003478220, 0x00000000034785b8]
Event: 1.844 Thread 0x0000000019478800 1156       3       com.sun.org.apache.xerces.internal.util.AugmentationsImpl::<init> (17 bytes)
Event: 1.844 Thread 0x0000000019478800 nmethod 1156 0x00000000034786d0 code [0x0000000003478840, 0x0000000003478c30]
Event: 1.844 Thread 0x0000000019478800 1157       3       com.sun.org.apache.xerces.internal.util.AugmentationsImpl$SmallContainer::<init> (25 bytes)
Event: 1.844 Thread 0x0000000019478800 nmethod 1157 0x0000000003478dd0 code [0x0000000003478f40, 0x0000000003479230]
Event: 1.844 Thread 0x0000000019478800 1158       3       com.sun.org.apache.xerces.internal.util.AugmentationsImpl$AugmentationsItemsContainer::<init> (10 bytes)
Event: 1.844 Thread 0x0000000019478800 nmethod 1158 0x0000000003479350 code [0x00000000034794a0, 0x0000000003479670]
Event: 1.844 Thread 0x0000000019478800 1159       3       com.sun.org.apache.xerces.internal.parsers.XIncludeAwareParserConfiguration::getFeatureState (40 bytes)
Event: 1.845 Thread 0x0000000019478800 nmethod 1159 0x0000000003479710 code [0x00000000034798e0, 0x000000000347a028]
Event: 1.845 Thread 0x0000000019478800 1160       3       com.sun.org.apache.xerces.internal.util.SymbolTable::addSymbol0 (103 bytes)

GC Heap History (0 events):
No events

Deoptimization events (10 events):
Event: 1.733 Thread 0x0000000002f94000 Uncommon trap: reason=class_check action=maybe_recompile pc=0x00000000033ff6e0 method=java.util.regex.Pattern$Start.match(Ljava/util/regex/Matcher;ILjava/lang/CharSequence;)Z @ 44
Event: 1.733 Thread 0x0000000002f94000 Uncommon trap: reason=class_check action=maybe_recompile pc=0x00000000033ff6e0 method=java.util.regex.Pattern$Start.match(Ljava/util/regex/Matcher;ILjava/lang/CharSequence;)Z @ 44
Event: 1.733 Thread 0x0000000002f94000 Uncommon trap: reason=class_check action=maybe_recompile pc=0x00000000033ff6e0 method=java.util.regex.Pattern$Start.match(Ljava/util/regex/Matcher;ILjava/lang/CharSequence;)Z @ 44
Event: 1.733 Thread 0x0000000002f94000 Uncommon trap: reason=class_check action=maybe_recompile pc=0x00000000033ff6e0 method=java.util.regex.Pattern$Start.match(Ljava/util/regex/Matcher;ILjava/lang/CharSequence;)Z @ 44
Event: 1.756 Thread 0x0000000002f94000 Uncommon trap: reason=unstable_if action=reinterpret pc=0x00000000033fbb10 method=java.util.regex.Pattern$Start.match(Ljava/util/regex/Matcher;ILjava/lang/CharSequence;)Z @ 10
Event: 1.756 Thread 0x0000000002f94000 Uncommon trap: reason=unstable_if action=reinterpret pc=0x0000000003403c24 method=java.util.regex.Pattern$Start.match(Ljava/util/regex/Matcher;ILjava/lang/CharSequence;)Z @ 10
Event: 1.781 Thread 0x0000000002f94000 Uncommon trap: reason=bimorphic action=maybe_recompile pc=0x000000000341d5b0 method=java.util.regex.Pattern$Curly.match0(Ljava/util/regex/Matcher;IILjava/lang/CharSequence;)Z @ 31
Event: 1.781 Thread 0x0000000002f94000 Uncommon trap: reason=bimorphic action=maybe_recompile pc=0x000000000341d5b0 method=java.util.regex.Pattern$Curly.match0(Ljava/util/regex/Matcher;IILjava/lang/CharSequence;)Z @ 31
Event: 1.781 Thread 0x0000000002f94000 Uncommon trap: reason=bimorphic action=maybe_recompile pc=0x000000000341d5b0 method=java.util.regex.Pattern$Curly.match0(Ljava/util/regex/Matcher;IILjava/lang/CharSequence;)Z @ 31
Event: 1.781 Thread 0x0000000002f94000 Uncommon trap: reason=bimorphic action=maybe_recompile pc=0x000000000341d5b0 method=java.util.regex.Pattern$Curly.match0(Ljava/util/regex/Matcher;IILjava/lang/CharSequence;)Z @ 31

Classes redefined (0 events):
No events

Internal exceptions (10 events):
Event: 0.746 Thread 0x0000000002f94000 Exception <a 'sun/nio/fs/WindowsException'> (0x00000000d66c9ea0) thrown at [C:\Users\jenkins\workspace\openjdk8_build_x86-64_windows\openjdk\hotspot\src\share\vm\prims\jni.cpp, line 709]
Event: 0.746 Thread 0x0000000002f94000 Exception <a 'sun/nio/fs/WindowsException'> (0x00000000d66ca418) thrown at [C:\Users\jenkins\workspace\openjdk8_build_x86-64_windows\openjdk\hotspot\src\share\vm\prims\jni.cpp, line 709]
Event: 0.858 Thread 0x0000000002f94000 Exception <a 'java/lang/ClassNotFoundException': com/sun/org/glassfish/hk2/osgiresourcelocator/ServiceLoader> (0x00000000d671d890) thrown at [C:\Users\jenkins\workspace\openjdk8_build_x86-64_windows\openjdk\hotspot\src\share\vm\classfile\systemDictionary.
Event: 0.875 Thread 0x0000000002f94000 Exception <a 'java/lang/NullPointerException'> (0x00000000d6734680) thrown at [C:\Users\jenkins\workspace\openjdk8_build_x86-64_windows\openjdk\hotspot\src\share\vm\interpreter\linkResolver.cpp, line 1287]
Event: 0.978 Thread 0x0000000002f94000 Exception <a 'java/lang/ArrayIndexOutOfBoundsException'> (0x00000000d67df0a8) thrown at [C:\Users\jenkins\workspace\openjdk8_build_x86-64_windows\openjdk\hotspot\src\share\vm\runtime\sharedRuntime.cpp, line 605]
Event: 0.981 Thread 0x0000000002f94000 Exception <a 'java/lang/ArrayIndexOutOfBoundsException'> (0x00000000d67e0660) thrown at [C:\Users\jenkins\workspace\openjdk8_build_x86-64_windows\openjdk\hotspot\src\share\vm\runtime\sharedRuntime.cpp, line 605]
Event: 0.981 Thread 0x0000000002f94000 Exception <a 'java/lang/ArrayIndexOutOfBoundsException'> (0x00000000d67e1ca0) thrown at [C:\Users\jenkins\workspace\openjdk8_build_x86-64_windows\openjdk\hotspot\src\share\vm\runtime\sharedRuntime.cpp, line 605]
Event: 0.988 Thread 0x0000000002f94000 Exception <a 'java/lang/ArrayIndexOutOfBoundsException': 85> (0x00000000d67f98f8) thrown at [C:\Users\jenkins\workspace\openjdk8_build_x86-64_windows\openjdk\hotspot\src\share\vm\interpreter\interpreterRuntime.cpp, line 366]
Event: 1.393 Thread 0x0000000002f94000 Implicit null exception at 0x00000000032d6696 to 0x00000000032d6a31
Event: 1.613 Thread 0x0000000002f94000 Implicit null exception at 0x00000000032bb914 to 0x00000000032bbcc9

Events (10 events):
Event: 1.781 Thread 0x0000000002f94000 Uncommon trap: trap_request=0xffffffc6 fr.pc=0x000000000341d5b0
Event: 1.781 Thread 0x0000000002f94000 DEOPT PACKING pc=0x000000000341d5b0 sp=0x0000000002f8e8e0
Event: 1.781 Thread 0x0000000002f94000 DEOPT UNPACKING pc=0x00000000030d557b sp=0x0000000002f8e810 mode 2
Event: 1.781 Thread 0x0000000002f94000 Uncommon trap: trap_request=0xffffffc6 fr.pc=0x000000000341d5b0
Event: 1.781 Thread 0x0000000002f94000 DEOPT PACKING pc=0x000000000341d5b0 sp=0x0000000002f8e8e0
Event: 1.781 Thread 0x0000000002f94000 DEOPT UNPACKING pc=0x00000000030d557b sp=0x0000000002f8e810 mode 2
Event: 1.832 Thread 0x0000000002f94000 DEOPT PACKING pc=0x000000000342e67d sp=0x0000000002f8e4d0
Event: 1.832 Thread 0x0000000002f94000 DEOPT UNPACKING pc=0x00000000030d75d0 sp=0x0000000002f8e298 mode 0
Event: 1.833 Thread 0x0000000002f94000 DEOPT PACKING pc=0x000000000342e67d sp=0x0000000002f8e420
Event: 1.833 Thread 0x0000000002f94000 DEOPT UNPACKING pc=0x00000000030d75d0 sp=0x0000000002f8e1e8 mode 0


Dynamic libraries:
0x00007ff7e0110000 - 0x00007ff7e0145000 	C:\Program Files\Unity\Hub\Editor\2019.1.2f1\Editor\Data\PlaybackEngines\AndroidPlayer\Tools\OpenJDK\Windows\bin\java.exe
0x00007ffa5aa00000 - 0x00007ffa5abf0000 	C:\WINDOWS\SYSTEM32\ntdll.dll
0x00007ffa59260000 - 0x00007ffa59312000 	C:\WINDOWS\System32\KERNEL32.DLL
0x00007ffa584b0000 - 0x00007ffa58753000 	C:\WINDOWS\System32\KERNELBASE.dll
0x00007ffa55570000 - 0x00007ffa555ff000 	C:\WINDOWS\SYSTEM32\apphelp.dll
0x00007ffa5a3b0000 - 0x00007ffa5a453000 	C:\WINDOWS\System32\ADVAPI32.dll
0x00007ffa597f0000 - 0x00007ffa5988e000 	C:\WINDOWS\System32\msvcrt.dll
0x00007ffa59ff0000 - 0x00007ffa5a087000 	C:\WINDOWS\System32\sechost.dll
0x00007ffa59530000 - 0x00007ffa59650000 	C:\WINDOWS\System32\RPCRT4.dll
0x00007ffa59650000 - 0x00007ffa597e4000 	C:\WINDOWS\System32\USER32.dll
0x00007ffa58210000 - 0x00007ffa58231000 	C:\WINDOWS\System32\win32u.dll
0x00007ffa5a620000 - 0x00007ffa5a646000 	C:\WINDOWS\System32\GDI32.dll
0x00007ffa58760000 - 0x00007ffa588f4000 	C:\WINDOWS\System32\gdi32full.dll
0x00007ffa58240000 - 0x00007ffa582de000 	C:\WINDOWS\System32\msvcp_win.dll
0x00007ffa582e0000 - 0x00007ffa583da000 	C:\WINDOWS\System32\ucrtbase.dll
0x00007ffa46670000 - 0x00007ffa468f5000 	C:\WINDOWS\WinSxS\amd64_microsoft.windows.common-controls_6595b64144ccf1df_6.0.18362.418_none_e6c6b287130d565d\COMCTL32.dll
0x00007ffa58f20000 - 0x00007ffa59256000 	C:\WINDOWS\System32\combase.dll
0x00007ffa58430000 - 0x00007ffa584b0000 	C:\WINDOWS\System32\bcryptPrimitives.dll
0x00007ffa59320000 - 0x00007ffa5934e000 	C:\WINDOWS\System32\IMM32.DLL
0x00000000761e0000 - 0x00000000762b2000 	C:\Program Files\Unity\Hub\Editor\2019.1.2f1\Editor\Data\PlaybackEngines\AndroidPlayer\Tools\OpenJDK\Windows\jre\bin\msvcr100.dll
0x0000000075990000 - 0x00000000761d9000 	C:\Program Files\Unity\Hub\Editor\2019.1.2f1\Editor\Data\PlaybackEngines\AndroidPlayer\Tools\OpenJDK\Windows\jre\bin\server\jvm.dll
0x00007ffa5a9b0000 - 0x00007ffa5a9b8000 	C:\WINDOWS\System32\PSAPI.DLL
0x00007ffa55360000 - 0x00007ffa55384000 	C:\WINDOWS\SYSTEM32\WINMM.dll
0x00007ffa4d530000 - 0x00007ffa4d53a000 	C:\WINDOWS\SYSTEM32\VERSION.dll
0x00007ffa563e0000 - 0x00007ffa563e9000 	C:\WINDOWS\SYSTEM32\WSOCK32.dll
0x00007ffa55230000 - 0x00007ffa5525d000 	C:\WINDOWS\SYSTEM32\WINMMBASE.dll
0x00007ffa59890000 - 0x00007ffa598ff000 	C:\WINDOWS\System32\WS2_32.dll
0x00007ffa583e0000 - 0x00007ffa5842a000 	C:\WINDOWS\System32\cfgmgr32.dll
0x00007ffa55450000 - 0x00007ffa5545f000 	C:\Program Files\Unity\Hub\Editor\2019.1.2f1\Editor\Data\PlaybackEngines\AndroidPlayer\Tools\OpenJDK\Windows\jre\bin\verify.dll
0x00007ffa45940000 - 0x00007ffa45969000 	C:\Program Files\Unity\Hub\Editor\2019.1.2f1\Editor\Data\PlaybackEngines\AndroidPlayer\Tools\OpenJDK\Windows\jre\bin\java.dll
0x00007ffa45920000 - 0x00007ffa45936000 	C:\Program Files\Unity\Hub\Editor\2019.1.2f1\Editor\Data\PlaybackEngines\AndroidPlayer\Tools\OpenJDK\Windows\jre\bin\zip.dll
0x00007ffa59900000 - 0x00007ffa59fe5000 	C:\WINDOWS\System32\SHELL32.dll
0x00007ffa5a6c0000 - 0x00007ffa5a769000 	C:\WINDOWS\System32\shcore.dll
0x00007ffa57a90000 - 0x00007ffa5820f000 	C:\WINDOWS\System32\windows.storage.dll
0x00007ffa57950000 - 0x00007ffa5796f000 	C:\WINDOWS\System32\profapi.dll
0x00007ffa578e0000 - 0x00007ffa5792a000 	C:\WINDOWS\System32\powrprof.dll
0x00007ffa578d0000 - 0x00007ffa578e0000 	C:\WINDOWS\System32\UMPDC.dll
0x00007ffa5a1f0000 - 0x00007ffa5a242000 	C:\WINDOWS\System32\shlwapi.dll
0x00007ffa57970000 - 0x00007ffa57981000 	C:\WINDOWS\System32\kernel.appcore.dll
0x00007ffa57a40000 - 0x00007ffa57a57000 	C:\WINDOWS\System32\cryptsp.dll
0x00007ffa45900000 - 0x00007ffa4591a000 	C:\Program Files\Unity\Hub\Editor\2019.1.2f1\Editor\Data\PlaybackEngines\AndroidPlayer\Tools\OpenJDK\Windows\jre\bin\net.dll
0x00007ffa570e0000 - 0x00007ffa57147000 	C:\WINDOWS\system32\mswsock.dll
0x00007ffa41b10000 - 0x00007ffa41b21000 	C:\Program Files\Unity\Hub\Editor\2019.1.2f1\Editor\Data\PlaybackEngines\AndroidPlayer\Tools\OpenJDK\Windows\jre\bin\nio.dll

VM Arguments:
jvm_args: -Dcom.android.sdkmanager.toolsdir=D:\Jonas\Documents\Uni\AndroidSDK\tools\bin\\.. 
java_command: com.android.sdklib.tool.AvdManagerCli list target -c
java_class_path (initial): D:\Jonas\Documents\Uni\AndroidSDK\tools\bin\..\lib\dvlib-26.0.0-dev.jar;D:\Jonas\Documents\Uni\AndroidSDK\tools\bin\..\lib\jimfs-1.1.jar;D:\Jonas\Documents\Uni\AndroidSDK\tools\bin\..\lib\jsr305-1.3.9.jar;D:\Jonas\Documents\Uni\AndroidSDK\tools\bin\..\lib\repository-26.0.0-dev.jar;D:\Jonas\Documents\Uni\AndroidSDK\tools\bin\..\lib\j2objc-annotations-1.1.jar;D:\Jonas\Documents\Uni\AndroidSDK\tools\bin\..\lib\layoutlib-api-26.0.0-dev.jar;D:\Jonas\Documents\Uni\AndroidSDK\tools\bin\..\lib\gson-2.3.jar;D:\Jonas\Documents\Uni\AndroidSDK\tools\bin\..\lib\httpcore-4.2.5.jar;D:\Jonas\Documents\Uni\AndroidSDK\tools\bin\..\lib\commons-logging-1.1.1.jar;D:\Jonas\Documents\Uni\AndroidSDK\tools\bin\..\lib\commons-compress-1.12.jar;D:\Jonas\Documents\Uni\AndroidSDK\tools\bin\..\lib\annotations-26.0.0-dev.jar;D:\Jonas\Documents\Uni\AndroidSDK\tools\bin\..\lib\error_prone_annotations-2.0.18.jar;D:\Jonas\Documents\Uni\AndroidSDK\tools\bin\..\lib\animal-sniffer-annotations-1.14.jar;D:\Jonas\Documents\Uni\AndroidSDK\tools\bin\..\lib\httpclient-4.2.6.jar;D:\Jonas\Documents\Uni\AndroidSDK\tools\bin\..\lib\commons-codec-1.6.jar;D:\Jonas\Documents\Uni\AndroidSDK\tools\bin\..\lib\common-26.0.0-dev.jar;D:\Jonas\Documents\Uni\AndroidSDK\tools\bin\..\lib\kxml2-2.3.0.jar;D:\Jonas\Documents\Uni\AndroidSDK\tools\bin\..\lib\httpmime-4.1.jar;D:\Jonas\Documents\Uni\AndroidSDK\tools\bin\..\lib\annotations-12.0.jar;D:\Jonas\Documents\Uni\AndroidSDK\tools\bin\..\lib\sdklib-26.0.0-dev.jar;D:\Jonas\Documents\Uni\AndroidSDK\tools\bin\..\lib\guava-22.0.jar
Launcher Type: SUN_STANDARD

Environment Variables:
JAVA_HOME=C:\Program Files\Unity\Hub\Editor\2019.1.2f1\Editor\Data\PlaybackEngines\AndroidPlayer/Tools\OpenJDK\Windows
CLASSPATH=D:\Jonas\Documents\Uni\AndroidSDK\tools\bin\..\lib\dvlib-26.0.0-dev.jar;D:\Jonas\Documents\Uni\AndroidSDK\tools\bin\..\lib\jimfs-1.1.jar;D:\Jonas\Documents\Uni\AndroidSDK\tools\bin\..\lib\jsr305-1.3.9.jar;D:\Jonas\Documents\Uni\AndroidSDK\tools\bin\..\lib\repository-26.0.0-dev.jar;D:\Jonas\Documents\Uni\AndroidSDK\tools\bin\..\lib\j2objc-annotations-1.1.jar;D:\Jonas\Documents\Uni\AndroidSDK\tools\bin\..\lib\layoutlib-api-26.0.0-dev.jar;D:\Jonas\Documents\Uni\AndroidSDK\tools\bin\..\lib\gson-2.3.jar;D:\Jonas\Documents\Uni\AndroidSDK\tools\bin\..\lib\httpcore-4.2.5.jar;D:\Jonas\Documents\Uni\AndroidSDK\tools\bin\..\lib\commons-logging-1.1.1.jar;D:\Jonas\Documents\Uni\AndroidSDK\tools\bin\..\lib\commons-compress-1.12.jar;D:\Jonas\Documents\Uni\AndroidSDK\tools\bin\..\lib\annotations-26.0.0-dev.jar;D:\Jonas\Documents\Uni\AndroidSDK\tools\bin\..\lib\error_prone_annotations-2.0.18.jar;D:\Jonas\Documents\Uni\AndroidSDK\tools\bin\..\lib\animal-sniffer-annotations-1.14.jar;D:\Jonas\Documents\Uni\AndroidSDK\tools\bin\..\lib\httpclient-4.2.6.jar;D:\Jonas\Documents\Uni\AndroidSDK\tools\bin\..\lib\commons-codec-1.6.jar;D:\Jonas\Documents\Uni\AndroidSDK\tools\bin\..\lib\common-26.0.0-dev.jar;D:\Jonas\Documents\Uni\AndroidSDK\tools\bin\..\lib\kxml2-2.3.0.jar;D:\Jonas\Documents\Uni\AndroidSDK\tools\bin\..\lib\httpmime-4.1.jar;D:\Jonas\Documents\Uni\AndroidSDK\tools\bin\..\lib\annotations-12.0.jar;D:\Jonas\Documents\Uni\AndroidSDK\tools\bin\..\lib\sdklib-26.0.0-dev.jar;D:\Jonas\Documents\Uni\AndroidSDK\tools\bin\..\lib\guava-22.0.jar
PATH=C:\Program Files (x86)\NVIDIA Corporation\PhysX\Common;C:\ProgramData\Oracle\Java\javapath;C:\Program Files (x86)\Intel\iCLS Client\;C:\Program Files\Intel\iCLS Client\;C:\WINDOWS\system32;C:\WINDOWS;C:\WINDOWS\System32\Wbem;C:\WINDOWS\System32\WindowsPowerShell\v1.0\;C:\Program Files\Intel\Intel(R) Management Engine Components\DAL;C:\Program Files (x86)\Intel\Intel(R) Management Engine Components\DAL;C:\Program Files\Intel\Intel(R) Management Engine Components\IPT;C:\Program Files (x86)\Intel\Intel(R) Management Engine Components\IPT;C:\Program Files\Intel\WiFi\bin\;C:\Program Files\Common Files\Intel\WirelessCommon\;C:\Program Files (x86)\Skype\Phone\;C:\Program Files (x86)\GtkSharp\2.12\bin;C:\Program Files\MiKTeX 2.9\miktex\bin\x64\;C:\Program Files (x86)\Windows Live\Shared;C:\WINDOWS\System32\OpenSSH\;C:\Program Files\nodejs\;C:\Program Files\CMake\bin;C:\Program Files\Git LFS;C:\Program Files\Git\cmd;C:\Program Files\dotnet\;C:\Program Files\Microsoft SQL Server\130\Tools\Binn\;C:\Program Files\Microsoft SQL Server\Client SDK\ODBC\170\Tools\Binn\;C:\Users\Jonas\AppData\Local\Programs\Python\Python37\Scripts\;C:\Users\Jonas\AppData\Local\Programs\Python\Python37\;C:\Users\Jonas\AppData\Local\atom\bin;C:\Users\Jonas\AppData\Local\Microsoft\WindowsApps;C:\Users\Jonas\AppData\Roaming\npm;
USERNAME=Jonas
OS=Windows_NT
PROCESSOR_IDENTIFIER=Intel64 Family 6 Model 61 Stepping 4, GenuineIntel



---------------  S Y S T E M  ---------------

OS: Windows 10.0 , 64 bit Build 18362 (10.0.18362.329)

CPU:total 4 (initial active 4) (2 cores per cpu, 2 threads per core) family 6 model 61 stepping 4, cmov, cx8, fxsr, mmx, sse, sse2, sse3, ssse3, sse4.1, sse4.2, popcnt, avx, avx2, aes, clmul, erms, 3dnowpref, lzcnt, ht, tsc, tscinvbit, bmi1, bmi2, adx

Memory: 4k page, physical 8289016k(579924k free), swap 20689224k(4344k free)

vm_info: OpenJDK 64-Bit Server VM (25.71-b00) for windows-amd64 JRE (1.8.0-adoptopenjdk-_2018_05_19_00_59-b00), built on May 19 2018 01:02:12 by "jenkins" with MS VC++ 10.0 (VS2010)

time: Wed Oct 30 15:20:05 2019
elapsed time: 1 seconds (0d 0h 0m 1s)

