#
# There is insufficient memory for the Java Runtime Environment to continue.
# Native memory allocation (malloc) failed to allocate 339216 bytes for Chunk::new
# Possible reasons:
#   The system is out of physical RAM or swap space
#   In 32 bit mode, the process size limit was hit
# Possible solutions:
#   Reduce memory load on the system
#   Increase physical memory or swap space
#   Check if swap backing store is full
#   Use 64 bit Java on a 64 bit OS
#   Decrease Java heap size (-Xmx/-Xms)
#   Decrease number of Java threads
#   Decrease Java thread stack sizes (-Xss)
#   Set larger code cache with -XX:ReservedCodeCacheSize=
# This output file may be truncated or incomplete.
#
#  Out of Memory Error (allocation.cpp:390), pid=9472, tid=0x0000000000006c74
#
# JRE version: OpenJDK Runtime Environment (8.0) (build 1.8.0-adoptopenjdk-_2018_05_19_00_59-b00)
# Java VM: OpenJDK 64-Bit Server VM (25.71-b00 mixed mode windows-amd64 compressed oops)
# Failed to write core dump. Minidumps are not enabled by default on client versions of Windows
#

---------------  T H R E A D  ---------------

Current thread (0x0000000016f66800):  JavaThread "C2 CompilerThread1" daemon [_thread_in_native, id=27764, stack(0x00000000186e0000,0x00000000187e0000)]

Stack: [0x00000000186e0000,0x00000000187e0000]
[error occurred during error reporting (printing stack bounds), id 0xc0000005]

Native frames: (J=compiled Java code, j=interpreted, Vv=VM code, C=native code)


Current CompileTask:
C2:   1588  863   !   4       sun.misc.URLClassPath$JarLoader::getResource (85 bytes)


---------------  P R O C E S S  ---------------

Java Threads: ( => current thread )
  0x0000000018901000 JavaThread "Service Thread" daemon [_thread_blocked, id=9028, stack(0x0000000018ce0000,0x0000000018de0000)]
  0x0000000016f6a000 JavaThread "C1 CompilerThread2" daemon [_thread_blocked, id=19500, stack(0x00000000187e0000,0x00000000188e0000)]
=>0x0000000016f66800 JavaThread "C2 CompilerThread1" daemon [_thread_in_native, id=27764, stack(0x00000000186e0000,0x00000000187e0000)]
  0x0000000016f63000 JavaThread "C2 CompilerThread0" daemon [_thread_blocked, id=1992, stack(0x00000000185e0000,0x00000000186e0000)]
  0x0000000016f62000 JavaThread "Attach Listener" daemon [_thread_blocked, id=8300, stack(0x00000000184e0000,0x00000000185e0000)]
  0x0000000016f61000 JavaThread "Signal Dispatcher" daemon [_thread_blocked, id=18704, stack(0x00000000183e0000,0x00000000184e0000)]
  0x0000000016f48000 JavaThread "Finalizer" daemon [_thread_blocked, id=24324, stack(0x00000000181b0000,0x00000000182b0000)]
  0x00000000022f6000 JavaThread "Reference Handler" daemon [_thread_blocked, id=24856, stack(0x00000000180b0000,0x00000000181b0000)]
  0x0000000002204000 JavaThread "main" [_thread_blocked, id=12572, stack(0x0000000000920000,0x0000000000a20000)]

Other Threads:
  0x0000000016f26800 VMThread [stack: 0x0000000017fb0000,0x00000000180b0000] [id=832]
  0x0000000018902000 WatcherThread [stack: 0x0000000018de0000,0x0000000018ee0000] [id=24516]

VM state:at safepoint (normal execution)

VM Mutex/Monitor currently owned by a thread:  ([mutex/lock_event])
[0x0000000002200b50] Threads_lock - owner thread: 0x0000000016f26800
[0x0000000002202ae0] Heap_lock - owner thread: 0x0000000002204000

Heap:
 PSYoungGen      total 38400K, used 15975K [0x00000000d5d80000, 0x00000000d8800000, 0x0000000100000000)
  eden space 33280K, 48% used [0x00000000d5d80000,0x00000000d6d19ed0,0x00000000d7e00000)
  from space 5120K, 0% used [0x00000000d8300000,0x00000000d8300000,0x00000000d8800000)
  to   space 5120K, 11% used [0x00000000d7e00000,0x00000000d7e90000,0x00000000d8300000)
 ParOldGen       total 87552K, used 16K [0x0000000081800000, 0x0000000086d80000, 0x00000000d5d80000)
  object space 87552K, 0% used [0x0000000081800000,0x0000000081804000,0x0000000086d80000)
 Metaspace       used 9984K, capacity 10220K, committed 10368K, reserved 1062912K
  class space    used 1228K, capacity 1302K, committed 1408K, reserved 1048576K

Card table byte_map: [0x00000000118d0000,0x0000000011cd0000] byte_map_base: 0x00000000114c4000

Marking Bits: (ParMarkBitMap*) 0x000000007615be50
 Begin Bits: [0x0000000012280000, 0x0000000014220000)
 End Bits:   [0x0000000014220000, 0x00000000161c0000)

Polling page: 0x00000000005d0000

CodeCache: size=245760Kb used=2985Kb max_used=2985Kb free=242774Kb
 bounds [0x0000000002510000, 0x0000000002800000, 0x0000000011510000]
 total_blobs=1194 nmethods=862 adapters=246
 compilation: enabled

Compilation events (10 events):
Event: 1.566 Thread 0x0000000016f6a000 nmethod 858 0x00000000027f1c10 code [0x00000000027f1d60, 0x00000000027f1e70]
Event: 1.566 Thread 0x0000000016f6a000  859       1       javax.xml.namespace.QName::getLocalPart (5 bytes)
Event: 1.566 Thread 0x0000000016f6a000 nmethod 859 0x00000000027f7050 code [0x00000000027f71a0, 0x00000000027f72b0]
Event: 1.566 Thread 0x0000000016f6a000  860       1       com.sun.xml.internal.bind.v2.model.impl.TypeRefImpl::getTagName (5 bytes)
Event: 1.566 Thread 0x0000000016f6a000 nmethod 860 0x00000000027f6d90 code [0x00000000027f6ee0, 0x00000000027f6ff0]
Event: 1.567 Thread 0x0000000016f6a000  861       3       com.sun.xml.internal.bind.v2.util.QNameMap::hash (36 bytes)
Event: 1.567 Thread 0x0000000016f6a000 nmethod 861 0x00000000027f6950 code [0x00000000027f6ac0, 0x00000000027f6cc8]
Event: 1.568 Thread 0x0000000016f6a000  862       3       java.util.LinkedHashMap$LinkedValueIterator::next (8 bytes)
Event: 1.568 Thread 0x0000000016f6a000 nmethod 862 0x00000000027f6510 code [0x00000000027f6680, 0x00000000027f6888]
Event: 1.569 Thread 0x0000000016f66800  863   !   4       sun.misc.URLClassPath$JarLoader::getResource (85 bytes)

GC Heap History (0 events):
No events

Deoptimization events (6 events):
Event: 1.237 Thread 0x0000000002204000 Uncommon trap: reason=unstable_if action=reinterpret pc=0x00000000026e9adc method=java.lang.String.indexOf([CII[CIII)I @ 3
Event: 1.299 Thread 0x0000000002204000 Uncommon trap: reason=unstable_if action=reinterpret pc=0x0000000002740a58 method=java.util.HashMap.getNode(ILjava/lang/Object;)Ljava/util/HashMap$Node; @ 129
Event: 1.299 Thread 0x0000000002204000 Uncommon trap: reason=unstable_if action=reinterpret pc=0x000000000273beb4 method=java.util.HashMap.getNode(ILjava/lang/Object;)Ljava/util/HashMap$Node; @ 129
Event: 1.308 Thread 0x0000000002204000 Uncommon trap: reason=range_check action=make_not_entrant pc=0x000000000274a4e0 method=sun.reflect.generics.parser.SignatureParser.current()C @ 34
Event: 1.554 Thread 0x0000000002204000 Uncommon trap: reason=unstable_if action=reinterpret pc=0x00000000027f57b8 method=java.io.DataInputStream.readUTF(Ljava/io/DataInput;)Ljava/lang/String; @ 31
Event: 1.569 Thread 0x0000000002204000 Uncommon trap: reason=unstable_if action=reinterpret pc=0x000000000274e7c8 method=java.lang.AbstractStringBuilder.append(Ljava/lang/String;)Ljava/lang/AbstractStringBuilder; @ 1

Classes redefined (0 events):
No events

Internal exceptions (10 events):
Event: 1.277 Thread 0x0000000002204000 Exception <a 'java/lang/ArrayIndexOutOfBoundsException'> (0x00000000d6775dc0) thrown at [C:\Users\jenkins\workspace\openjdk8_build_x86-64_windows\openjdk\hotspot\src\share\vm\runtime\sharedRuntime.cpp, line 605]
Event: 1.302 Thread 0x0000000002204000 Exception <a 'java/lang/ArrayIndexOutOfBoundsException'> (0x00000000d67bf030) thrown at [C:\Users\jenkins\workspace\openjdk8_build_x86-64_windows\openjdk\hotspot\src\share\vm\runtime\sharedRuntime.cpp, line 605]
Event: 1.305 Thread 0x0000000002204000 Exception <a 'java/lang/ArrayIndexOutOfBoundsException'> (0x00000000d67c1338) thrown at [C:\Users\jenkins\workspace\openjdk8_build_x86-64_windows\openjdk\hotspot\src\share\vm\runtime\sharedRuntime.cpp, line 605]
Event: 1.309 Thread 0x0000000002204000 Exception <a 'java/lang/ArrayIndexOutOfBoundsException': 56> (0x00000000d67d04c8) thrown at [C:\Users\jenkins\workspace\openjdk8_build_x86-64_windows\openjdk\hotspot\src\share\vm\interpreter\interpreterRuntime.cpp, line 366]
Event: 1.309 Thread 0x0000000002204000 Exception <a 'java/lang/ArrayIndexOutOfBoundsException': 72> (0x00000000d67d1858) thrown at [C:\Users\jenkins\workspace\openjdk8_build_x86-64_windows\openjdk\hotspot\src\share\vm\interpreter\interpreterRuntime.cpp, line 366]
Event: 1.309 Thread 0x0000000002204000 Exception <a 'java/lang/ArrayIndexOutOfBoundsException': 56> (0x00000000d67d2788) thrown at [C:\Users\jenkins\workspace\openjdk8_build_x86-64_windows\openjdk\hotspot\src\share\vm\interpreter\interpreterRuntime.cpp, line 366]
Event: 1.309 Thread 0x0000000002204000 Exception <a 'java/lang/ArrayIndexOutOfBoundsException': 56> (0x00000000d67d46e0) thrown at [C:\Users\jenkins\workspace\openjdk8_build_x86-64_windows\openjdk\hotspot\src\share\vm\interpreter\interpreterRuntime.cpp, line 366]
Event: 1.309 Thread 0x0000000002204000 Exception <a 'java/lang/ArrayIndexOutOfBoundsException': 74> (0x00000000d67d5850) thrown at [C:\Users\jenkins\workspace\openjdk8_build_x86-64_windows\openjdk\hotspot\src\share\vm\interpreter\interpreterRuntime.cpp, line 366]
Event: 1.309 Thread 0x0000000002204000 Exception <a 'java/lang/ArrayIndexOutOfBoundsException': 74> (0x00000000d67d6ab8) thrown at [C:\Users\jenkins\workspace\openjdk8_build_x86-64_windows\openjdk\hotspot\src\share\vm\interpreter\interpreterRuntime.cpp, line 366]
Event: 1.569 Thread 0x0000000002204000 Implicit null exception at 0x000000000274e416 to 0x000000000274e7b1

Events (10 events):
Event: 1.586 loading class com/sun/org/apache/xerces/internal/xni/parser/XMLPullParserConfiguration
Event: 1.586 loading class com/sun/org/apache/xerces/internal/xni/parser/XMLParserConfiguration
Event: 1.586 loading class com/sun/org/apache/xerces/internal/xni/parser/XMLParserConfiguration done
Event: 1.586 loading class com/sun/org/apache/xerces/internal/xni/parser/XMLPullParserConfiguration done
Event: 1.586 loading class com/sun/org/apache/xerces/internal/parsers/BasicParserConfiguration
Event: 1.586 loading class com/sun/org/apache/xerces/internal/parsers/BasicParserConfiguration done
Event: 1.586 loading class com/sun/org/apache/xerces/internal/impl/xs/opti/SchemaParsingConfig done
Event: 1.587 loading class jdk/xml/internal/JdkXmlUtils
Event: 1.587 loading class jdk/xml/internal/JdkXmlUtils done
Event: 1.587 loading class jdk/xml/internal/SecuritySupport


Dynamic libraries:
0x00007ff7e0110000 - 0x00007ff7e0145000 	C:\Program Files\Unity\Hub\Editor\2019.1.2f1\Editor\Data\PlaybackEngines\AndroidPlayer\Tools\OpenJDK\Windows\bin\java.exe
0x00007ffa5aa00000 - 0x00007ffa5abf0000 	C:\WINDOWS\SYSTEM32\ntdll.dll
0x00007ffa59260000 - 0x00007ffa59312000 	C:\WINDOWS\System32\KERNEL32.DLL
0x00007ffa584b0000 - 0x00007ffa58753000 	C:\WINDOWS\System32\KERNELBASE.dll
0x00007ffa55570000 - 0x00007ffa555ff000 	C:\WINDOWS\SYSTEM32\apphelp.dll
0x00007ffa5a3b0000 - 0x00007ffa5a453000 	C:\WINDOWS\System32\ADVAPI32.dll
0x00007ffa597f0000 - 0x00007ffa5988e000 	C:\WINDOWS\System32\msvcrt.dll
0x00007ffa59ff0000 - 0x00007ffa5a087000 	C:\WINDOWS\System32\sechost.dll
0x00007ffa59530000 - 0x00007ffa59650000 	C:\WINDOWS\System32\RPCRT4.dll
0x00007ffa59650000 - 0x00007ffa597e4000 	C:\WINDOWS\System32\USER32.dll
0x00007ffa58210000 - 0x00007ffa58231000 	C:\WINDOWS\System32\win32u.dll
0x00007ffa5a620000 - 0x00007ffa5a646000 	C:\WINDOWS\System32\GDI32.dll
0x00007ffa58760000 - 0x00007ffa588f4000 	C:\WINDOWS\System32\gdi32full.dll
0x00007ffa58240000 - 0x00007ffa582de000 	C:\WINDOWS\System32\msvcp_win.dll
0x00007ffa582e0000 - 0x00007ffa583da000 	C:\WINDOWS\System32\ucrtbase.dll
0x00007ffa46670000 - 0x00007ffa468f5000 	C:\WINDOWS\WinSxS\amd64_microsoft.windows.common-controls_6595b64144ccf1df_6.0.18362.418_none_e6c6b287130d565d\COMCTL32.dll
0x00007ffa58f20000 - 0x00007ffa59256000 	C:\WINDOWS\System32\combase.dll
0x00007ffa58430000 - 0x00007ffa584b0000 	C:\WINDOWS\System32\bcryptPrimitives.dll
0x00007ffa59320000 - 0x00007ffa5934e000 	C:\WINDOWS\System32\IMM32.DLL
0x00000000761e0000 - 0x00000000762b2000 	C:\Program Files\Unity\Hub\Editor\2019.1.2f1\Editor\Data\PlaybackEngines\AndroidPlayer\Tools\OpenJDK\Windows\jre\bin\msvcr100.dll
0x0000000075990000 - 0x00000000761d9000 	C:\Program Files\Unity\Hub\Editor\2019.1.2f1\Editor\Data\PlaybackEngines\AndroidPlayer\Tools\OpenJDK\Windows\jre\bin\server\jvm.dll
0x00007ffa5a9b0000 - 0x00007ffa5a9b8000 	C:\WINDOWS\System32\PSAPI.DLL
0x00007ffa563e0000 - 0x00007ffa563e9000 	C:\WINDOWS\SYSTEM32\WSOCK32.dll
0x00007ffa59890000 - 0x00007ffa598ff000 	C:\WINDOWS\System32\WS2_32.dll
0x00007ffa55360000 - 0x00007ffa55384000 	C:\WINDOWS\SYSTEM32\WINMM.dll
0x00007ffa4d530000 - 0x00007ffa4d53a000 	C:\WINDOWS\SYSTEM32\VERSION.dll
0x00007ffa55230000 - 0x00007ffa5525d000 	C:\WINDOWS\SYSTEM32\WINMMBASE.dll
0x00007ffa583e0000 - 0x00007ffa5842a000 	C:\WINDOWS\System32\cfgmgr32.dll
0x00007ffa55450000 - 0x00007ffa5545f000 	C:\Program Files\Unity\Hub\Editor\2019.1.2f1\Editor\Data\PlaybackEngines\AndroidPlayer\Tools\OpenJDK\Windows\jre\bin\verify.dll
0x00007ffa45940000 - 0x00007ffa45969000 	C:\Program Files\Unity\Hub\Editor\2019.1.2f1\Editor\Data\PlaybackEngines\AndroidPlayer\Tools\OpenJDK\Windows\jre\bin\java.dll
0x00007ffa45920000 - 0x00007ffa45936000 	C:\Program Files\Unity\Hub\Editor\2019.1.2f1\Editor\Data\PlaybackEngines\AndroidPlayer\Tools\OpenJDK\Windows\jre\bin\zip.dll
0x00007ffa59900000 - 0x00007ffa59fe5000 	C:\WINDOWS\System32\SHELL32.dll
0x00007ffa5a6c0000 - 0x00007ffa5a769000 	C:\WINDOWS\System32\shcore.dll
0x00007ffa57a90000 - 0x00007ffa5820f000 	C:\WINDOWS\System32\windows.storage.dll
0x00007ffa57950000 - 0x00007ffa5796f000 	C:\WINDOWS\System32\profapi.dll
0x00007ffa578e0000 - 0x00007ffa5792a000 	C:\WINDOWS\System32\powrprof.dll
0x00007ffa578d0000 - 0x00007ffa578e0000 	C:\WINDOWS\System32\UMPDC.dll
0x00007ffa5a1f0000 - 0x00007ffa5a242000 	C:\WINDOWS\System32\shlwapi.dll
0x00007ffa57970000 - 0x00007ffa57981000 	C:\WINDOWS\System32\kernel.appcore.dll
0x00007ffa57a40000 - 0x00007ffa57a57000 	C:\WINDOWS\System32\cryptsp.dll
0x00007ffa45900000 - 0x00007ffa4591a000 	C:\Program Files\Unity\Hub\Editor\2019.1.2f1\Editor\Data\PlaybackEngines\AndroidPlayer\Tools\OpenJDK\Windows\jre\bin\net.dll
0x00007ffa570e0000 - 0x00007ffa57147000 	C:\WINDOWS\system32\mswsock.dll
0x00007ffa41b10000 - 0x00007ffa41b21000 	C:\Program Files\Unity\Hub\Editor\2019.1.2f1\Editor\Data\PlaybackEngines\AndroidPlayer\Tools\OpenJDK\Windows\jre\bin\nio.dll

VM Arguments:
jvm_args: -Dcom.android.sdkmanager.toolsdir=D:\Jonas\Documents\Uni\AndroidSDK\tools\bin\\.. 
java_command: com.android.sdklib.tool.AvdManagerCli list target -c
java_class_path (initial): D:\Jonas\Documents\Uni\AndroidSDK\tools\bin\..\lib\dvlib-26.0.0-dev.jar;D:\Jonas\Documents\Uni\AndroidSDK\tools\bin\..\lib\jimfs-1.1.jar;D:\Jonas\Documents\Uni\AndroidSDK\tools\bin\..\lib\jsr305-1.3.9.jar;D:\Jonas\Documents\Uni\AndroidSDK\tools\bin\..\lib\repository-26.0.0-dev.jar;D:\Jonas\Documents\Uni\AndroidSDK\tools\bin\..\lib\j2objc-annotations-1.1.jar;D:\Jonas\Documents\Uni\AndroidSDK\tools\bin\..\lib\layoutlib-api-26.0.0-dev.jar;D:\Jonas\Documents\Uni\AndroidSDK\tools\bin\..\lib\gson-2.3.jar;D:\Jonas\Documents\Uni\AndroidSDK\tools\bin\..\lib\httpcore-4.2.5.jar;D:\Jonas\Documents\Uni\AndroidSDK\tools\bin\..\lib\commons-logging-1.1.1.jar;D:\Jonas\Documents\Uni\AndroidSDK\tools\bin\..\lib\commons-compress-1.12.jar;D:\Jonas\Documents\Uni\AndroidSDK\tools\bin\..\lib\annotations-26.0.0-dev.jar;D:\Jonas\Documents\Uni\AndroidSDK\tools\bin\..\lib\error_prone_annotations-2.0.18.jar;D:\Jonas\Documents\Uni\AndroidSDK\tools\bin\..\lib\animal-sniffer-annotations-1.14.jar;D:\Jonas\Documents\Uni\AndroidSDK\tools\bin\..\lib\httpclient-4.2.6.jar;D:\Jonas\Documents\Uni\AndroidSDK\tools\bin\..\lib\commons-codec-1.6.jar;D:\Jonas\Documents\Uni\AndroidSDK\tools\bin\..\lib\common-26.0.0-dev.jar;D:\Jonas\Documents\Uni\AndroidSDK\tools\bin\..\lib\kxml2-2.3.0.jar;D:\Jonas\Documents\Uni\AndroidSDK\tools\bin\..\lib\httpmime-4.1.jar;D:\Jonas\Documents\Uni\AndroidSDK\tools\bin\..\lib\annotations-12.0.jar;D:\Jonas\Documents\Uni\AndroidSDK\tools\bin\..\lib\sdklib-26.0.0-dev.jar;D:\Jonas\Documents\Uni\AndroidSDK\tools\bin\..\lib\guava-22.0.jar
Launcher Type: SUN_STANDARD

Environment Variables:
JAVA_HOME=C:\Program Files\Unity\Hub\Editor\2019.1.2f1\Editor\Data\PlaybackEngines\AndroidPlayer/Tools\OpenJDK\Windows
CLASSPATH=D:\Jonas\Documents\Uni\AndroidSDK\tools\bin\..\lib\dvlib-26.0.0-dev.jar;D:\Jonas\Documents\Uni\AndroidSDK\tools\bin\..\lib\jimfs-1.1.jar;D:\Jonas\Documents\Uni\AndroidSDK\tools\bin\..\lib\jsr305-1.3.9.jar;D:\Jonas\Documents\Uni\AndroidSDK\tools\bin\..\lib\repository-26.0.0-dev.jar;D:\Jonas\Documents\Uni\AndroidSDK\tools\bin\..\lib\j2objc-annotations-1.1.jar;D:\Jonas\Documents\Uni\AndroidSDK\tools\bin\..\lib\layoutlib-api-26.0.0-dev.jar;D:\Jonas\Documents\Uni\AndroidSDK\tools\bin\..\lib\gson-2.3.jar;D:\Jonas\Documents\Uni\AndroidSDK\tools\bin\..\lib\httpcore-4.2.5.jar;D:\Jonas\Documents\Uni\AndroidSDK\tools\bin\..\lib\commons-logging-1.1.1.jar;D:\Jonas\Documents\Uni\AndroidSDK\tools\bin\..\lib\commons-compress-1.12.jar;D:\Jonas\Documents\Uni\AndroidSDK\tools\bin\..\lib\annotations-26.0.0-dev.jar;D:\Jonas\Documents\Uni\AndroidSDK\tools\bin\..\lib\error_prone_annotations-2.0.18.jar;D:\Jonas\Documents\Uni\AndroidSDK\tools\bin\..\lib\animal-sniffer-annotations-1.14.jar;D:\Jonas\Documents\Uni\AndroidSDK\tools\bin\..\lib\httpclient-4.2.6.jar;D:\Jonas\Documents\Uni\AndroidSDK\tools\bin\..\lib\commons-codec-1.6.jar;D:\Jonas\Documents\Uni\AndroidSDK\tools\bin\..\lib\common-26.0.0-dev.jar;D:\Jonas\Documents\Uni\AndroidSDK\tools\bin\..\lib\kxml2-2.3.0.jar;D:\Jonas\Documents\Uni\AndroidSDK\tools\bin\..\lib\httpmime-4.1.jar;D:\Jonas\Documents\Uni\AndroidSDK\tools\bin\..\lib\annotations-12.0.jar;D:\Jonas\Documents\Uni\AndroidSDK\tools\bin\..\lib\sdklib-26.0.0-dev.jar;D:\Jonas\Documents\Uni\AndroidSDK\tools\bin\..\lib\guava-22.0.jar
PATH=C:\Program Files (x86)\NVIDIA Corporation\PhysX\Common;C:\ProgramData\Oracle\Java\javapath;C:\Program Files (x86)\Intel\iCLS Client\;C:\Program Files\Intel\iCLS Client\;C:\WINDOWS\system32;C:\WINDOWS;C:\WINDOWS\System32\Wbem;C:\WINDOWS\System32\WindowsPowerShell\v1.0\;C:\Program Files\Intel\Intel(R) Management Engine Components\DAL;C:\Program Files (x86)\Intel\Intel(R) Management Engine Components\DAL;C:\Program Files\Intel\Intel(R) Management Engine Components\IPT;C:\Program Files (x86)\Intel\Intel(R) Management Engine Components\IPT;C:\Program Files\Intel\WiFi\bin\;C:\Program Files\Common Files\Intel\WirelessCommon\;C:\Program Files (x86)\Skype\Phone\;C:\Program Files (x86)\GtkSharp\2.12\bin;C:\Program Files\MiKTeX 2.9\miktex\bin\x64\;C:\Program Files (x86)\Windows Live\Shared;C:\WINDOWS\System32\OpenSSH\;C:\Program Files\nodejs\;C:\Program Files\CMake\bin;C:\Program Files\Git LFS;C:\Program Files\Git\cmd;C:\Program Files\dotnet\;C:\Program Files\Microsoft SQL Server\130\Tools\Binn\;C:\Program Files\Microsoft SQL Server\Client SDK\ODBC\170\Tools\Binn\;C:\Users\Jonas\AppData\Local\Programs\Python\Python37\Scripts\;C:\Users\Jonas\AppData\Local\Programs\Python\Python37\;C:\Users\Jonas\AppData\Local\atom\bin;C:\Users\Jonas\AppData\Local\Microsoft\WindowsApps;C:\Users\Jonas\AppData\Roaming\npm;
USERNAME=Jonas
OS=Windows_NT
PROCESSOR_IDENTIFIER=Intel64 Family 6 Model 61 Stepping 4, GenuineIntel



---------------  S Y S T E M  ---------------

OS: Windows 10.0 , 64 bit Build 18362 (10.0.18362.329)

CPU:total 4 (initial active 4) (2 cores per cpu, 2 threads per core) family 6 model 61 stepping 4, cmov, cx8, fxsr, mmx, sse, sse2, sse3, ssse3, sse4.1, sse4.2, popcnt, avx, avx2, aes, clmul, erms, 3dnowpref, lzcnt, ht, tsc, tscinvbit, bmi1, bmi2, adx

Memory: 4k page, physical 8289016k(591780k free), swap 20689224k(4028k free)

vm_info: OpenJDK 64-Bit Server VM (25.71-b00) for windows-amd64 JRE (1.8.0-adoptopenjdk-_2018_05_19_00_59-b00), built on May 19 2018 01:02:12 by "jenkins" with MS VC++ 10.0 (VS2010)

time: Wed Oct 30 15:20:08 2019
elapsed time: 1 seconds (0d 0h 0m 1s)

